2023-02-14 14:26:37 [moteam_web_service] error: uncaughtException: URI must include hostname, domain name, and tld
MongoAPIError: URI must include hostname, domain name, and tld
    at resolveSRVRecord (/Users/anna/Desktop/web/1st_project/web_project_1/back/node_modules/mongodb/lib/connection_string.js:53:15)
    at /Users/anna/Desktop/web/1st_project/web_project_1/back/node_modules/mongodb/lib/mongo_client.js:122:78
    at maybeCallback (/Users/anna/Desktop/web/1st_project/web_project_1/back/node_modules/mongodb/lib/utils.js:338:21)
    at MongoClient.connect (/Users/anna/Desktop/web/1st_project/web_project_1/back/node_modules/mongodb/lib/mongo_client.js:116:42)
    at /Users/anna/Desktop/web/1st_project/web_project_1/back/node_modules/mongoose/lib/connection.js:810:12
    at new Promise (<anonymous>)
    at NativeConnection.Connection.openUri (/Users/anna/Desktop/web/1st_project/web_project_1/back/node_modules/mongoose/lib/connection.js:799:19)
    at /Users/anna/Desktop/web/1st_project/web_project_1/back/node_modules/mongoose/lib/index.js:409:10
    at /Users/anna/Desktop/web/1st_project/web_project_1/back/node_modules/mongoose/lib/helpers/promiseOrCallback.js:41:5
    at new Promise (<anonymous>)
2023-02-14 14:31:05 [moteam_web_service] error: uncaughtException: bad auth : authentication failed
MongoServerError: bad auth : authentication failed
    at Connection.onMessage (/Users/anna/Desktop/web/1st_project/web_project_1/back/node_modules/mongodb/lib/cmap/connection.js:227:30)
    at MessageStream.<anonymous> (/Users/anna/Desktop/web/1st_project/web_project_1/back/node_modules/mongodb/lib/cmap/connection.js:60:60)
    at MessageStream.emit (node:events:527:28)
    at processIncomingData (/Users/anna/Desktop/web/1st_project/web_project_1/back/node_modules/mongodb/lib/cmap/message_stream.js:125:16)
    at MessageStream._write (/Users/anna/Desktop/web/1st_project/web_project_1/back/node_modules/mongodb/lib/cmap/message_stream.js:33:9)
    at writeOrBuffer (node:internal/streams/writable:389:12)
    at _write (node:internal/streams/writable:330:10)
    at MessageStream.Writable.write (node:internal/streams/writable:334:10)
    at TLSSocket.ondata (node:internal/streams/readable:754:22)
    at TLSSocket.emit (node:events:527:28)
