2023-02-09 16:06:11 [moteam_web_service] error: Error: 해당 이메일은 가입 내역이 없습니다. 다시 한 번 확인해 주세요.
    at UserService.getUserToken (C:\Users\82108\OneDrive\바탕 화면\project10\moteam\back\src\services\userService.js:41:13)
    at process.processTicksAndRejections (node:internal/process/task_queues:95:5)
    at async C:\Users\82108\OneDrive\바탕 화면\project10\moteam\back\src\routes\userRouter.js:36:25
2023-02-09 16:09:03 [moteam_web_service] error: Error: 등록되지 않은 이메일입니다.
    at UserService.findEmail (C:\Users\82108\OneDrive\바탕 화면\project10\moteam\back\src\services\userService.js:71:13)
    at process.processTicksAndRejections (node:internal/process/task_queues:95:5)
    at async C:\Users\82108\OneDrive\바탕 화면\project10\moteam\back\src\routes\userRouter.js:60:26
2023-02-09 16:09:36 [moteam_web_service] error: Error: 등록되지 않은 이메일입니다.
    at UserService.findEmail (C:\Users\82108\OneDrive\바탕 화면\project10\moteam\back\src\services\userService.js:71:13)
    at process.processTicksAndRejections (node:internal/process/task_queues:95:5)
    at async C:\Users\82108\OneDrive\바탕 화면\project10\moteam\back\src\routes\userRouter.js:60:26
2023-02-09 16:10:49 [moteam_web_service] error: Error: 등록되지 않은 이메일입니다.
    at UserService.findEmail (C:\Users\82108\OneDrive\바탕 화면\project10\moteam\back\src\services\userService.js:71:13)
    at process.processTicksAndRejections (node:internal/process/task_queues:95:5)
    at async C:\Users\82108\OneDrive\바탕 화면\project10\moteam\back\src\routes\userRouter.js:60:26
2023-02-09 16:16:17 [moteam_web_service] error: 등록되지 않은 이메일입니다.
2023-02-09 16:17:36 [moteam_web_service] error: 등록되지 않은 이메일입니다.
2023-02-09 16:22:22 [moteam_web_service] error: 등록되지 않은 이메일입니다.
2023-02-09 16:22:31 [moteam_web_service] error: 등록되지 않은 이메일입니다.
2023-02-09 16:22:46 [moteam_web_service] error: 등록되지 않은 이메일입니다.
2023-02-09 16:26:03 [moteam_web_service] error: 관리자 모드 요청이 있었으나 관리자 토큰이 아닙니다.
2023-02-09 16:30:16 [moteam_web_service] error: 서비스 사용 요청이 있었으나 사용자 토큰이 아닙니다.
2023-02-09 16:30:57 [moteam_web_service] error: 가입 내역이 없습니다. 다시 한 번 확인해 주세요.
2023-02-09 17:08:17 [moteam_web_service] error: 
failed connection
1mongodb+srv://moTeam:bxOVnhCekl12R3lL@moteam3.pkqnbhq.mongodb.net/?retryWrites=true&w=majority
MongoParseError: Invalid scheme, expected connection string to start with "mongodb://" or "mongodb+srv://"
2023-02-09 17:09:10 [moteam_web_service] error: failed connectionMongoParseError: Invalid scheme, expected connection string to start with "mongodb://" or "mongodb+srv://"
2023-02-09 17:10:07 [moteam_web_service] error: failed connection
MongoParseError: Invalid scheme, expected connection string to start with "mongodb://" or "mongodb+srv://"
2023-02-09 17:21:47 [moteam_web_service] error: 해당 이메일은 가입 내역이 없습니다. 다시 한 번 확인해 주세요.
2023-02-09 20:51:31 [moteam_web_service] error: 가입 내역이 없습니다. 다시 한 번 확인해 주세요.
2023-02-09 20:52:24 [moteam_web_service] error: 가입 내역이 없습니다. 다시 한 번 확인해 주세요.
2023-02-09 20:52:52 [moteam_web_service] error: 가입 내역이 없습니다. 다시 한 번 확인해 주세요.
